Running for 480.0 seconds (960 samples at 0.5 second intervals).
Power measurements will start in 0 seconds time.

  Time    User  Nice   Sys  Idle    IO  Run Ctxt/s  IRQ/s  Watts
14:40:58  16.8   0.0  33.2  49.8   0.2    5   2100   2326   0.00E
14:40:58  17.8   0.0  32.3  49.9   0.0    5   2044   2224   0.00E
14:40:59  16.5   0.0  33.8  49.8   0.0    5   1886   2268   0.00E
14:40:59  15.2   0.0  34.9  49.9   0.0    5   2148   2272   0.00E
14:41:00  16.5   0.0  33.6  49.9   0.0    5   1920   2316   0.00E
14:41:00  16.5   0.0  33.6  49.9   0.0    5   1964   2162   0.00E
14:41:01  17.5   0.0  32.5  50.0   0.0    5   1648   2158   0.00E
14:41:01  17.0   0.0  33.2  49.5   0.2    5   2388   2578   0.00E
14:41:02  16.5   0.0  33.6  49.9   0.0    5   2054   2348   0.00E
14:41:02  18.0   0.0  32.3  49.6   0.0    5   2084   2308   0.00E
14:41:03  18.2   0.0  32.4  49.1   0.2    5   2022   2324   0.00E
14:41:03  18.0   0.0  32.6  49.4   0.0    5   2622   2430   0.00E
14:41:04  17.8   0.0  32.1  50.1   0.0    5   1772   2310   0.00E
14:41:04  17.5   0.0  32.6  49.9   0.0    5   2208   2378   0.00E
14:41:05  16.3   0.0  33.8  49.9   0.0    5   1842   2190   0.00E
14:41:05  17.8   0.0  32.3  49.9   0.0    5   2100   2318   0.00E
14:41:06  18.5   0.0  31.5  50.0   0.0    5   1966   2360   0.00E
14:41:06  15.8   0.0  34.5  49.5   0.2    5   1960   2290   0.00E
14:41:07  15.0   0.0  35.0  50.0   0.0    5   1740   2286   0.00E
14:41:07  17.5   0.0  32.9  49.6   0.0    5   1930   2288   0.00E
14:41:08  17.6   0.0  32.4  49.7   0.3    5   1826   2224   0.00E
14:41:08  19.5   0.0  30.6  49.9   0.0    5   1980   2256   0.00E
14:41:09  16.0   0.0  34.2  49.9   0.0    5   1646   2140   0.00E
  Time    User  Nice   Sys  Idle    IO  Run Ctxt/s  IRQ/s  Watts
14:41:09  17.0   0.0  33.0  50.0   0.0    5   2012   2424   0.00E
14:41:10  15.3   0.0  34.7  50.0   0.0    6   1860   2400   0.00E
14:41:10  18.8   0.0  32.0  49.2   0.0    5   3166   5360   0.00E
14:41:11  18.8   0.0  31.6  49.6   0.0    5   4260   9500   0.00E
14:41:11  18.8   0.0  31.6  49.6   0.0    5   3072   8912   0.00E
14:41:12  16.5   0.0  33.7  49.6   0.2    5   1982   3112   0.00E
14:41:12  19.1   0.0  31.2  49.7   0.0    5   3104   5024   0.00E
14:41:13  17.5   0.0  34.5  48.0   0.0    5   3626   4014   0.00E
14:41:13  16.8   0.0  33.8  49.5   0.0    5   4306   7582   0.00E
14:41:14  17.8   0.0  32.3  49.9   0.0    5   2946   8774   0.00E
14:41:14  19.5   0.0  31.5  48.8   0.2    5   3390   8698   0.00E
14:41:15  17.8   0.0  32.3  49.6   0.3    5   3128   8982   0.00E
14:41:15  17.2   0.0  33.0  49.8   0.0    5   3216   9152   0.00E
14:41:16  18.5   0.0  32.0  49.5   0.0    5   3352   9652   0.00E
14:41:16  17.5   0.0  33.1  49.4   0.0    6   3252  10060   0.00E
14:41:17  16.6   0.0  33.4  50.0   0.0    5   2860   9432   0.00E
14:41:17  17.8   0.0  32.8  49.4   0.0    5   3658   9582   0.00E
14:41:18  16.2   0.0  34.0  49.8   0.0    6   2078   4818   0.00E
14:41:18  16.5   0.0  34.5  49.0   0.0    5   3370   5374   0.00E
14:41:19  18.5   0.0  31.8  49.8   0.0    5   1936   4934   0.00E
14:41:19  17.5   0.0  32.8  49.6   0.0    6   3796   6604   0.00E
14:41:20  16.0   0.0  34.5  49.5   0.0    5   3956   9076   0.00E
14:41:20  20.1   0.0  30.6  48.9   0.5    5   2760   6820   0.00E
  Time    User  Nice   Sys  Idle    IO  Run Ctxt/s  IRQ/s  Watts
14:41:21  15.5   0.0  34.5  50.0   0.0    5   2600   6046   0.00E
14:41:21  18.6   0.0  32.2  49.2   0.0    5   4496   9656   0.00E
14:41:22  16.7   0.0  33.9  49.4   0.0    5   3298   9106   0.00E
14:41:22  18.7   0.0  32.1  49.2   0.0    5   4238   7976   0.00E
14:41:23  18.0   0.0  32.2  49.9   0.0    5   1774   3912   0.00E
14:41:23  17.8   0.0  32.1  49.6   0.5    5   2112   3804   0.00E
14:41:24  16.5   0.0  33.8  49.8   0.0    5   1936   4318   0.00E
14:41:24  18.3   0.0  31.8  49.9   0.0    5   2014   4310   0.00E
14:41:25  18.5   0.0  31.7  49.9   0.0    5   1914   4464   0.00E
14:41:25  18.0   0.0  32.2  49.8   0.0    5   2152   4714   0.00E
14:41:26  19.1   0.0  30.9  50.0   0.0    5   1928   5056   0.00E
14:41:26  18.1   0.0  32.4  49.5   0.0    5   2278   4688   0.00E
14:41:27  16.2   0.0  34.0  49.5   0.2    5   2074   4544   0.00E
14:41:27  17.5   0.0  32.7  49.9   0.0    5   1902   4336   0.00E
14:41:28  18.5   0.0  31.6  49.9   0.0    5   1886   5066   0.00E
14:41:28  17.5   0.0  32.6  49.9   0.0    5   1920   5186   0.00E
14:41:29  19.5   0.0  30.7  49.6   0.2    5   1724   4726   0.00E
14:41:29  16.3   0.0  33.7  50.0   0.0    5   2096   5732   0.00E
14:41:30  19.8   0.0  30.5  49.8   0.0    5   1892   5268   0.00E
14:41:30  16.8   0.0  33.3  49.9   0.0    6   1876   4294   0.00E
14:41:31  16.8   0.0  33.2  50.0   0.0    5   1756   5430   0.00E
14:41:31  16.0   0.0  34.1  49.9   0.0    5   1892   6114   0.00E
14:41:32  17.0   0.0  33.1  49.9   0.0    6   1656   5730   0.00E
  Time    User  Nice   Sys  Idle    IO  Run Ctxt/s  IRQ/s  Watts
14:41:32  19.2   0.0  30.9  49.9   0.0    5   2026   5052   0.00E
14:41:33  18.8   0.0  32.3  48.9   0.0    5   3308   5364   0.00E
14:41:33  18.0   0.0  32.2  49.8   0.0    6   1866   5878   0.00E
14:41:34  19.6   0.0  31.4  48.7   0.3    5   1930   5538   0.00E
14:41:34  16.8   0.0  33.6  49.6   0.0    5   1886   4830   0.00E
14:41:35  18.8   0.0  31.2  50.0   0.0    5   1830   5456   0.00E
14:41:35  18.3   0.0  32.1  49.6   0.0    5   2062   4882   0.00E
14:41:36  15.0   0.0  35.2  49.8   0.0    5   1918   4456   0.00E
14:41:36  17.5   0.0  32.6  49.9   0.0    5   2074   4758   0.00E
14:41:37  16.0   0.0  34.1  49.9   0.0    5   1832   4560   0.00E
14:41:37  17.3   0.0  33.2  49.5   0.0    5   2648   5592   0.00E
14:41:38  18.5   0.0  31.8  49.8   0.0    5   1750   5046   0.00E
14:41:38  17.8   0.0  32.8  49.5   0.0    5   2150   6260   0.00E
14:41:39  18.1   0.0  31.9  50.0   0.0    5   1796   6674   0.00E
14:41:39  17.5   0.0  32.5  49.8   0.2    5   1940   5380   0.00E
14:41:40  15.5   0.0  34.6  49.9   0.0    5   1708   5748   0.00E
14:41:40  18.3   0.0  31.8  49.9   0.0    5   1980   4830   0.00E
14:41:41  17.8   0.0  32.5  49.8   0.0    5   1692   4224   0.00E
14:41:41  17.0   0.0  33.0  50.0   0.0    5   1906   4066   0.00E
14:41:42  15.5   0.0  34.6  49.9   0.0    5   1720   4386   0.00E
14:41:42  18.1   0.0  31.9  49.7   0.3    5   2226   4504   0.00E
14:41:43  16.0   0.0  34.2  49.9   0.0    5   1740   4070   0.00E
14:41:43  17.5   0.0  32.6  49.9   0.0    5   1836   3972   0.00E
  Time    User  Nice   Sys  Idle    IO  Run Ctxt/s  IRQ/s  Watts
14:41:44  18.8   0.0  31.5  49.8   0.0    5   1708   5430   0.00E
14:41:44  15.5   0.0  34.5  49.8   0.2    5   1858   4998   0.00E
14:41:45  17.0   0.0  33.2  49.8   0.0    5   1730   5308   0.00E
14:41:45  15.5   0.0  34.8  49.6   0.0    5   2088   4682   0.00E
14:41:46  17.7   0.0  32.4  49.9   0.0    5   1678   3804   0.00E
14:41:46  19.6   0.0  30.4  50.0   0.0    5   1958   4294   0.00E
14:41:47  18.5   0.0  31.8  49.8   0.0    5   1694   3876   0.00E
14:41:47  17.0   0.0  33.0  50.0   0.0    5   1900   3978   0.00E
14:41:48  17.0   0.0  33.1  49.9   0.0    5   1730   3724   0.00E
14:41:48  16.5   0.0  33.8  49.8   0.0    6   1928   4602   0.00E
14:41:49  17.0   0.0  33.2  49.9   0.0    5   1802   4588   0.00E
14:41:49  16.6   0.0  33.4  50.0   0.0    5   2018   4208   0.00E
14:41:50  16.3   0.0  33.8  49.6   0.3    5   1778   4398   0.00E
14:41:50  17.2   0.0  33.4  49.4   0.0    5   1942   5730   0.00E
14:41:51  18.5   0.0  31.6  49.9   0.0    5   1664   4268   0.00E
14:41:51  15.2   0.0  34.8  50.0   0.0    5   1970   3984   0.00E
14:41:52  17.3   0.0  32.8  49.9   0.0    5   1786   5110   0.00E
14:41:52  20.8   0.0  34.1  45.1   0.0    5   2158   5958   0.00E
14:41:53  17.0   0.0  33.1  49.9   0.0    5   1714   4464   0.00E
14:41:53  16.5   0.0  33.6  49.9   0.0    5   1974   4512   0.00E
14:41:54  16.1   0.0  34.4  49.5   0.0    5   2030   4568   0.00E
14:41:54  16.8   0.0  33.8  49.5   0.0    5   1868   4916   0.00E
14:41:55  17.5   0.0  32.5  49.8   0.2    5   1688   4322   0.00E
  Time    User  Nice   Sys  Idle    IO  Run Ctxt/s  IRQ/s  Watts
14:41:55  16.8   0.0  33.4  49.7   0.0    5   1950   4528   0.00E
14:41:56  17.5   0.0  32.6  49.9   0.0    5   1686   4148   0.00E
14:41:56  16.5   0.0  33.8  49.8   0.0    5   1962   4944   0.00E
14:41:57  16.0   0.0  34.1  49.9   0.0    5   1792   4098   0.00E
14:41:57  17.3   0.0  32.9  49.7   0.0    5   1978   4630   0.00E
14:41:58  16.7   0.0  33.4  49.9   0.0    5   1730   3834   0.00E
14:41:58  17.3   0.0  32.8  49.9   0.0    5   2018   4390   0.00E
14:41:59  15.5   0.0  34.5  49.8   0.2    5   1840   3544   0.00E
14:41:59  17.0   0.0  33.1  49.9   0.0    5   1990   3674   0.00E
14:42:00  18.0   0.0  32.1  49.9   0.0    5   1898   3976   0.00E
14:42:00  17.5   0.0  32.8  49.5   0.2    5   2046   3890   0.00E
14:42:01  16.5   0.0  33.5  50.0   0.0    5   1760   4666   0.00E
14:42:01  15.5   0.0  34.6  49.9   0.0    5   2048   4074   0.00E
14:42:02  15.8   0.0  34.2  50.0   0.0    5   1828   4676   0.00E
14:42:02  17.1   0.0  33.9  49.0   0.0    5   2324   4650   0.00E
14:42:03  18.0   0.0  32.2  49.9   0.0    5   1876   4990   0.00E
14:42:03  17.1   0.0  32.9  50.0   0.0    5   1938   5632   0.00E
14:42:04  17.0   0.0  33.2  49.8   0.0    5   1800   4930   0.00E
14:42:04  17.3   0.0  32.8  49.6   0.3    5   2284   5062   0.00E
14:42:05  16.0   0.0  34.1  49.9   0.0    5   1798   4848   0.00E
14:42:05  17.8   0.0  32.3  49.9   0.0    5   2094   5090   0.00E
14:42:06  16.7   0.0  33.4  49.9   0.0    6   1796   5552   0.00E
14:42:06  16.5   0.0  33.6  49.9   0.0    6   2072   5910   0.00E
  Time    User  Nice   Sys  Idle    IO  Run Ctxt/s  IRQ/s  Watts
14:42:07  18.2   0.0  32.0  49.8   0.0    5   1844   4550   0.00E
14:42:07  17.2   0.0  32.9  49.9   0.0    5   1922   5294   0.00E
14:42:08  19.1   0.0  30.9  50.0   0.0    5   1774   4488   0.00E
14:42:08  20.2   0.0  30.0  49.8   0.0    5   2016   4454   0.00E
14:42:09  16.5   0.0  33.3  50.1   0.0    6   1750   5240   0.00E
14:42:09  19.2   0.0  31.0  49.8   0.0    5   2056   5516   0.00E
14:42:10  19.3   0.0  30.8  49.4   0.5    5   1804   5034   0.00E
14:42:10  17.3   0.0  32.8  49.9   0.0    5   1960   5140   0.00E
14:42:11  20.8   0.0  29.3  49.9   0.0    5   1810   4548   0.00E
14:42:11  16.5   0.0  33.6  49.9   0.0    6   1952   4726   0.00E
14:42:12  17.2   0.0  32.9  49.9   0.0    6   1740   4166   0.00E
14:42:12  17.6   0.0  32.7  49.7   0.0    5   2188   4462   0.00E
14:42:13  18.5   0.0  31.5  50.0   0.0    5   1728   3948   0.00E
14:42:13  17.3   0.0  32.8  49.6   0.3    5   2202   4310   0.00E
14:42:14  17.0   0.0  33.0  50.0   0.0    5   1642   5082   0.00E
14:42:14  18.2   0.0  32.5  49.2   0.0    5   2066   4432   0.00E
14:42:15  16.0   0.0  34.1  49.6   0.3    5   1778   4212   0.00E
14:42:15  15.5   0.0  34.8  49.8   0.0    5   2128   5074   0.00E
14:42:16  17.8   0.0  32.2  49.5   0.5    5   1872   4318   0.00E
14:42:16  17.0   0.0  33.1  49.9   0.0    5   2122   4712   0.00E
14:42:17  17.2   0.0  33.0  49.8   0.0    5   1830   4738   0.00E
14:42:17  17.3   0.0  32.7  50.0   0.0    5   2142   5624   0.00E
14:42:18  17.0   0.0  33.2  49.8   0.0    5   1714   2442   0.00E
  Time    User  Nice   Sys  Idle    IO  Run Ctxt/s  IRQ/s  Watts
14:42:18  17.5   0.0  32.6  49.9   0.0    5   2032   2494   0.00E
14:42:19  17.8   0.0  32.2  50.0   0.0    5   1748   2382   0.00E
14:42:19  17.3   0.0  32.8  49.9   0.0    5   2008   2464   0.00E
14:42:20  20.8   0.0  29.5  49.8   0.0    5   1748   2346   0.00E
14:42:20  17.5   0.0  32.6  49.9   0.0    5   2084   2558   0.00E
14:42:21  18.0   0.0  32.2  49.8   0.0    5   1742   2366   0.00E
14:42:21  16.5   0.0  33.6  49.6   0.3    5   2120   2570   0.00E
14:42:22  19.8   0.0  32.0  48.2   0.0    7   3300   2492   0.00E
14:42:22  19.1   0.0  32.4  48.5   0.0    6   2738   2632   0.00E
14:42:23  17.3   0.0  32.8  49.9   0.0    5   1714   2304   0.00E
14:42:23  17.3   0.0  32.8  49.9   0.0    5   1974   2374   0.00E
14:42:24  17.5   0.0  32.6  49.9   0.0    5   1760   2290   0.00E
14:42:24  17.7   0.0  32.4  49.9   0.0    6   1960   2342   0.00E
14:42:25  17.0   0.0  33.1  49.9   0.0    5   1702   2292   0.00E
14:42:25  18.5   0.0  31.9  49.6   0.0    5   2056   2562   0.00E
14:42:26  17.5   0.0  32.6  49.9   0.0    5   1748   2258   0.00E
14:42:26  17.3   0.0  32.8  49.6   0.3    6   2016   2364   0.00E
14:42:27  16.8   0.0  33.2  50.0   0.0    5   1718   2244   0.00E
14:42:27  18.0   0.0  32.8  49.2   0.0    5   2110   2408   0.00E
14:42:28  20.3   0.0  29.8  49.9   0.0    5   1736   2274   0.00E
14:42:28  17.3   0.0  32.8  49.9   0.0    5   2004   2442   0.00E
14:42:29  17.8   0.0  32.5  49.5   0.2    5   1966   2528   0.00E
14:42:29  17.3   0.0  32.8  49.9   0.0    5   2028   2394   0.00E
  Time    User  Nice   Sys  Idle    IO  Run Ctxt/s  IRQ/s  Watts
14:42:30  17.2   0.0  32.8  50.0   0.0    5   1720   2244   0.00E
14:42:30  17.8   0.0  32.5  49.8   0.0    5   1922   2454   0.00E
14:42:31  18.0   0.0  32.1  49.9   0.0    5   1622   2394   0.00E
14:42:31  17.5   0.0  32.8  49.2   0.5    5   2138   2528   0.00E
14:42:32  17.0   0.0  33.1  49.9   0.0    6   1696   2204   0.00E
14:42:32  16.5   0.0  33.6  49.9   0.0    5   2070   2436   0.00E
14:42:33  16.5   0.0  33.8  49.8   0.0    5   1794   2306   0.00E
14:42:33  16.1   0.0  33.9  50.0   0.0    5   1884   2348   0.00E
14:42:34  16.5   0.0  33.7  49.9   0.0    5   1644   2308   0.00E
14:42:34  17.3   0.0  32.9  49.7   0.0    5   2000   2428   0.00E
14:42:35  16.2   0.0  34.0  49.8   0.0    5   1804   2396   0.00E
14:42:35  18.1   0.0  32.2  49.5   0.3    5   2292   2610   0.00E
14:42:36  17.0   0.0  33.2  49.9   0.0    5   1754   2318   0.00E
14:42:36  17.6   0.0  32.5  49.9   0.0    5   2040   2386   0.00E
14:42:37  16.0   0.0  34.2  49.9   0.0    5   1748   2344   0.00E
14:42:37  17.8   0.0  32.8  49.4   0.0    5   2612   2740   0.00E
14:42:38  18.3   0.0  31.8  49.9   0.0    5   2004   2456   0.00E
14:42:38  16.2   0.0  34.5  49.2   0.0    5   2192   2426   0.00E
14:42:39  17.5   0.0  32.5  50.0   0.0    5   1790   2264   0.00E
14:42:39  16.0   0.0  34.1  49.9   0.0    5   1976   2360   0.00E
14:42:40  19.8   0.0  30.5  49.8   0.0    5   1676   2212   0.00E
14:42:40  19.0   0.0  31.2  49.5   0.2    5   1958   2394   0.00E
14:42:41  16.5   0.0  33.6  49.9   0.0    5   1674   2362   0.00E
  Time    User  Nice   Sys  Idle    IO  Run Ctxt/s  IRQ/s  Watts
14:42:41  18.8   0.0  31.5  49.8   0.0    5   1896   2600   0.00E
14:42:42  15.8   0.0  34.3  49.9   0.0    5   1634   2132   0.00E
14:42:42  18.0   0.0  32.4  49.6   0.0    5   1998   2342   0.00E
14:42:43  18.5   0.0  31.8  49.8   0.0    5   1812   2290   0.00E
14:42:43  18.0   0.0  32.1  49.9   0.0    5   1938   2466   0.00E
14:42:44  17.5   0.0  32.5  50.0   0.0    5   1746   2402   0.00E
14:42:44  19.1   0.0  31.2  49.5   0.3    5   2174   2636   0.00E
14:42:45  14.5   0.0  35.5  50.0   0.0    5   1842   2440   0.00E
14:42:45  18.6   0.0  31.7  49.7   0.0    5   2006   2522   0.00E
14:42:46  19.0   0.0  31.1  49.6   0.3    5   1726   2462   0.00E
14:42:46  17.8   0.0  32.5  49.8   0.0    5   1944   2552   0.00E
14:42:47  16.3   0.0  33.8  49.9   0.0    5   1920   2706   0.00E
14:42:47  16.5   0.0  33.8  49.6   0.0    6   1926   2408   0.00E
14:42:48  17.0   0.0  33.0  50.0   0.0    5   1776   2396   0.00E
14:42:48  16.5   0.0  33.6  49.9   0.0    5   1896   2344   0.00E
14:42:49  16.3   0.0  33.8  49.9   0.0    5   1790   2346   0.00E
14:42:49  17.0   0.0  33.1  49.9   0.0    5   2016   2476   0.00E
14:42:50  18.5   0.0  31.8  49.8   0.0    5   1780   2514   0.00E
14:42:50  19.8   0.0  30.8  49.4   0.0    5   2074   2444   0.00E
14:42:51  18.0   0.0  32.2  49.5   0.2    6   1774   2392   0.00E
14:42:51  18.5   0.0  31.5  50.0   0.0    5   1854   2350   0.00E
14:42:52  17.8   0.0  32.3  49.9   0.0    5   1794   2364   0.00E
14:42:52  17.8   0.0  33.4  48.7   0.0    5   2690   2754   0.00E
  Time    User  Nice   Sys  Idle    IO  Run Ctxt/s  IRQ/s  Watts
14:42:53  17.2   0.0  33.0  49.8   0.0    5   1822   2416   0.00E
14:42:53  17.8   0.0  32.5  49.8   0.0    5   2144   2446   0.00E
14:42:54  16.8   0.0  33.2  50.0   0.0    5   1826   2396   0.00E
14:42:54  18.2   0.0  31.8  49.8   0.2    5   2102   2538   0.00E
14:42:55  17.5   0.0  32.8  49.8   0.0    5   1850   2666   0.00E
14:42:55  17.8   0.0  32.3  49.9   0.0    5   2006   2532   0.00E
14:42:56  17.2   0.0  33.0  49.8   0.0    5   1812   2342   0.00E
14:42:56  18.0   0.0  32.1  49.6   0.3    6   1946   2358   0.00E
14:42:57  17.5   0.0  32.5  50.0   0.0    5   1794   2316   0.00E
14:42:57  16.0   0.0  34.2  49.8   0.0    5   1926   2312   0.00E
14:42:58  14.5   0.0  35.8  49.8   0.0    5   1880   2394   0.00E
14:42:58  16.0   0.0  34.1  49.9   0.0    5   1904   2380   0.00E
14:42:59  18.2   0.0  32.0  49.8   0.0    5   1852   2494   0.00E
14:42:59  17.2   0.0  33.0  49.8   0.0    6   1962   2358   0.00E
14:43:00  17.0   0.0  33.2  49.8   0.0    5   1912   2614   0.00E
14:43:00  16.5   0.0  33.5  50.0   0.0    5   1934   2518   0.00E
14:43:01  17.5   0.0  32.8  49.8   0.0    5   1844   2446   0.00E
14:43:01  16.2   0.0  34.0  49.2   0.5    5   2276   2734   0.00E
14:43:02  16.8   0.0  33.3  49.9   0.0    5   1948   2700   0.00E
14:43:02  17.5   0.0  33.3  49.1   0.0    5   2190   2594   0.00E
14:43:03  18.0   0.0  32.1  49.9   0.0    6   1860   2438   0.00E
14:43:03  17.2   0.0  32.8  50.0   0.0    5   1958   2394   0.00E
14:43:04  18.0   0.0  32.1  49.9   0.0    5   1734   2372   0.00E
  Time    User  Nice   Sys  Idle    IO  Run Ctxt/s  IRQ/s  Watts
14:43:04  17.5   0.0  32.8  49.8   0.0    5   2008   2340   0.00E
14:43:05  16.0   0.0  34.0  50.0   0.0    6   1776   2234   0.00E
14:43:05  17.8   0.0  32.3  49.9   0.0    5   2034   2458   0.00E
14:43:06  17.0   0.0  32.8  50.1   0.0    5   1810   2400   0.00E
14:43:06  17.6   0.0  32.7  49.5   0.3    5   1986   2402   0.00E
14:43:07  15.0   0.0  35.2  49.9   0.0    6   1840   2540   0.00E
14:43:07  16.5   0.0  33.6  49.9   0.0    5   1846   2428   0.00E
14:43:08  18.5   0.0  32.3  49.1   0.0    6   2278   2582   0.00E
14:43:08  18.0   0.0  32.1  49.9   0.0    5   1882   2422   0.00E
14:43:09  17.2   0.0  32.9  49.9   0.0    5   1658   2486   0.00E
14:43:09  16.0   0.0  34.1  49.9   0.0    5   1954   2514   0.00E
14:43:10  17.5   0.0  32.5  50.0   0.0    5   1702   2312   0.00E
14:43:10  17.0   0.0  33.1  49.9   0.0    5   1824   2322   0.00E
14:43:11  18.3   0.0  31.8  49.9   0.0    5   1716   2336   0.00E
14:43:11  15.8   0.0  34.3  49.9   0.0    5   1824   2278   0.00E
14:43:12  17.0   0.0  33.0  49.8   0.2    5   1644   2268   0.00E
14:43:12  18.8   0.0  31.2  50.0   0.0    5   1948   2290   0.00E
14:43:13  16.5   0.0  33.7  49.6   0.2    6   1852   2478   0.00E
14:43:13  17.8   0.0  32.6  49.6   0.0    5   1870   2344   0.00E
14:43:14  15.5   0.0  34.8  49.8   0.0    5   1794   2322   0.00E
14:43:14  16.8   0.0  33.6  49.6   0.0    5   1988   2356   0.00E
14:43:15  16.1   0.0  34.2  49.5   0.3    5   2130   2576   0.00E
14:43:15  16.0   0.0  34.2  49.8   0.0    5   2004   2306   0.00E
  Time    User  Nice   Sys  Idle    IO  Run Ctxt/s  IRQ/s  Watts
14:43:16  16.8   0.0  33.2  50.0   0.0    5   1852   2336   0.00E
14:43:16  17.3   0.0  32.9  49.5   0.3    5   2070   2410   0.00E
14:43:17  16.7   0.0  33.4  49.9   0.0    6   1752   2330   0.00E
14:43:17  16.3   0.0  33.8  49.9   0.0    5   1980   2368   0.00E
14:43:18  16.8   0.0  33.3  49.9   0.0    5   1912   2384   0.00E
14:43:18  18.8   0.0  31.2  50.0   0.0    5   1938   2320   0.00E
14:43:19  17.5   0.0  32.8  49.8   0.0    5   1756   2294   0.00E
14:43:19  18.5   0.0  31.6  49.9   0.0    5   1832   2196   0.00E
14:43:20  17.8   0.0  32.2  50.0   0.0    5   1690   2248   0.00E
14:43:20  17.0   0.0  33.2  49.5   0.2    5   1898   2276   0.00E
14:43:21  17.7   0.0  32.4  49.9   0.0    5   1684   2252   0.00E
14:43:21  16.8   0.0  33.2  49.7   0.3    5   1948   2388   0.00E
14:43:22  16.2   0.0  33.8  50.0   0.0    5   1704   2256   0.00E
14:43:22  19.5   0.0  30.8  49.8   0.0    5   1940   2296   0.00E
14:43:23  17.6   0.0  32.7  49.7   0.0    5   1706   2256   0.00E
14:43:23  16.5   0.0  33.7  49.9   0.0    5   1814   2282   0.00E
14:43:24  16.1   0.0  33.9  50.0   0.0    5   1610   2164   0.00E
14:43:24  19.5   0.0  30.8  49.8   0.0    5   1786   2132   0.00E
14:43:25  16.0   0.0  34.0  50.0   0.0    5   1632   2266   0.00E
14:43:25  18.5   0.0  31.8  49.8   0.0    5   1960   2426   0.00E
14:43:26  16.3   0.0  33.6  50.1   0.0    5   1566   2204   0.00E
14:43:26  18.0   0.0  32.6  49.4   0.0    5   1996   2340   0.00E
14:43:27  18.3   0.0  32.1  49.4   0.3    5   1792   2288   0.00E
  Time    User  Nice   Sys  Idle    IO  Run Ctxt/s  IRQ/s  Watts
14:43:27  18.0   0.0  31.8  50.1   0.0    5   1790   2170   0.00E
14:43:28  17.0   0.0  33.1  49.9   0.0    5   1664   2126   0.00E
14:43:28  18.2   0.0  32.1  49.8   0.0    5   1866   2222   0.00E
14:43:29  16.8   0.0  33.3  49.9   0.0    5   1678   2090   0.00E
14:43:29  17.5   0.0  32.5  50.0   0.0    5   1834   2106   0.00E
14:43:30  18.5   0.0  31.6  49.9   0.0    5   1626   2032   0.00E
14:43:30  19.0   0.0  31.2  49.6   0.2    5   2010   2340   0.00E
14:43:31  17.0   0.0  33.2  49.8   0.0    5   1678   2134   0.00E
14:43:31  16.6   0.0  33.4  50.0   0.0    5   1630   2020   0.00E
14:43:32  20.2   0.0  29.8  49.5   0.5    5   1698   2136   0.00E
14:43:32  18.2   0.0  32.0  49.8   0.0    5   2000   2360   0.00E
14:43:33  16.0   0.0  34.0  50.0   0.0    5   1778   2358   0.00E
14:43:33  19.0   0.0  31.1  49.9   0.0    5   2054   2460   0.00E
14:43:34  17.5   0.0  32.5  50.0   0.0    5   1748   2352   0.00E
14:43:34  18.2   0.0  32.0  49.8   0.0    5   1940   2396   0.00E
14:43:35  17.0   0.0  33.1  49.9   0.0    5   1798   2386   0.00E
14:43:35  19.3   0.0  30.8  49.9   0.0    5   2020   2398   0.00E
14:43:36  16.5   0.0  33.6  49.9   0.0    6   1730   2310   0.00E
14:43:36  17.5   0.0  32.7  49.9   0.0    6   1900   2396   0.00E
14:43:37  17.8   0.0  32.3  49.6   0.3    5   1796   2456   0.00E
14:43:37  16.5   0.0  33.5  50.0   0.0    5   1988   2494   0.00E
14:43:38  16.8   0.0  33.3  49.9   0.0    5   1752   2406   0.00E
14:43:38  17.2   0.0  33.5  49.2   0.0    5   2084   2446   0.00E
  Time    User  Nice   Sys  Idle    IO  Run Ctxt/s  IRQ/s  Watts
14:43:39  17.0   0.0  33.0  50.0   0.0    5   1842   2394   0.00E
14:43:39  17.8   0.0  32.6  49.6   0.0    5   2618   2590   0.00E
14:43:40  15.0   0.0  35.2  49.8   0.0    5   1738   2286   0.00E
14:43:40  15.1   0.0  34.9  50.0   0.0    5   2094   2374   0.00E
14:43:41  17.7   0.0  32.4  49.9   0.0    5   1768   2244   0.00E
14:43:41  15.0   0.0  35.1  49.9   0.0    5   2006   2346   0.00E
14:43:42  16.8   0.0  33.2  50.0   0.0    5   1734   2268   0.00E
14:43:42  17.0   0.0  33.2  49.5   0.2    6   2114   2372   0.00E
14:43:43  15.3   0.0  34.7  50.0   0.0    5   1878   2416   0.00E
14:43:43  16.3   0.0  33.8  49.9   0.0    5   1982   2298   0.00E
14:43:44  16.2   0.0  33.8  50.0   0.0    5   1662   2182   0.00E
14:43:44  18.0   0.0  32.4  49.6   0.0    5   1896   2294   0.00E
14:43:45  17.8   0.0  32.2  50.0   0.0    6   1728   2308   0.00E
14:43:45  16.5   0.0  33.6  49.9   0.0    7   1986   2448   0.00E
14:43:46  18.5   0.0  31.6  49.6   0.3    5   1952   2436   0.00E
14:43:46  16.5   0.0  33.8  49.8   0.0    5   1896   2358   0.00E
14:43:47  19.3   0.0  30.8  49.9   0.0    5   1764   2290   0.00E
14:43:47  16.8   0.0  33.2  49.8   0.2    5   1964   2376   0.00E
14:43:48  17.8   0.0  32.3  49.9   0.0    5   1740   2288   0.00E
14:43:48  16.0   0.0  34.0  50.0   0.0    5   1916   2404   0.00E
14:43:49  16.0   0.0  34.1  49.9   0.0    5   1748   2334   0.00E
14:43:49  17.5   0.0  32.8  49.5   0.2    5   2166   2520   0.00E
14:43:50  17.5   0.0  32.3  50.1   0.0    5   1758   2422   0.00E
  Time    User  Nice   Sys  Idle    IO  Run Ctxt/s  IRQ/s  Watts
14:43:50  18.0   0.0  32.6  49.4   0.0    5   2030   2542   0.00E
14:43:51  15.8   0.0  34.3  49.9   0.0    5   1782   2564   0.00E
14:43:51  17.5   0.0  32.6  49.9   0.0    5   1874   2482   0.00E
14:43:52  17.2   0.0  32.8  50.0   0.0    5   1752   2498   0.00E
14:43:52  15.5   0.0  35.6  48.9   0.0    5   2108   2776   0.00E
14:43:53  15.3   0.0  34.8  49.9   0.0    5   1752   2582   0.00E
14:43:53  17.0   0.0  33.0  50.0   0.0    5   1980   2632   0.00E
14:43:54  16.8   0.0  33.3  49.9   0.0    5   1754   2444   0.00E
14:43:54  17.8   0.0  32.2  50.0   0.0    5   1930   2502   0.00E
14:43:55  18.0   0.0  32.1  49.4   0.5    5   1842   2492   0.00E
14:43:55  16.0   0.0  34.1  49.9   0.0    6   1990   2436   0.00E
14:43:56  16.0   0.0  34.2  49.8   0.0    5   1868   2338   0.00E
14:43:56  15.8   0.0  34.3  49.6   0.3    5   2276   2536   0.00E
14:43:57  18.0   0.0  32.2  49.9   0.0    5   1778   2352   0.00E
14:43:57  16.3   0.0  33.8  49.9   0.0    5   1968   2442   0.00E
14:43:58  15.7   0.0  34.4  49.9   0.0    5   1722   2278   0.00E
14:43:58  17.3   0.0  32.8  49.9   0.0    5   1872   2264   0.00E
14:43:59  14.5   0.0  35.8  49.8   0.0    6   1854   2370   0.00E
14:43:59  15.8   0.0  34.2  50.0   0.0    5   1976   2484   0.00E
14:44:00  16.2   0.0  34.0  49.8   0.0    5   2046   2518   0.00E
14:44:00  16.5   0.0  33.5  50.0   0.0    5   1956   2430   0.00E
14:44:01  17.0   0.0  33.1  49.9   0.0    5   1744   2418   0.00E
14:44:01  16.5   0.0  33.5  50.0   0.0    5   1988   2450   0.00E
  Time    User  Nice   Sys  Idle    IO  Run Ctxt/s  IRQ/s  Watts
14:44:02  16.8   0.0  33.5  49.5   0.2    5   1740   2210   0.00E
14:44:02  18.3   0.0  32.3  49.4   0.0    5   2112   2366   0.00E
14:44:03  17.0   0.0  33.2  49.8   0.0    5   1742   2358   0.00E
14:44:03  18.5   0.0  31.6  49.9   0.0    5   1816   2286   0.00E
14:44:04  18.0   0.0  32.1  49.9   0.0    6   1754   2380   0.00E
14:44:04  16.5   0.0  33.3  50.1   0.0    5   1942   2496   0.00E
14:44:05  15.8   0.0  34.5  49.8   0.0    5   1760   2446   0.00E
14:44:05  16.8   0.0  33.2  50.0   0.0    5   2058   2518   0.00E
14:44:06  16.3   0.0  33.8  49.9   0.0    5   1830   2366   0.00E
14:44:06  16.2   0.0  34.0  49.5   0.2    5   2106   2614   0.00E
14:44:07  17.6   0.0  32.4  50.0   0.0    5   1842   2348   0.00E
14:44:07  15.5   0.0  34.6  49.9   0.0    5   1840   2198   0.00E
14:44:08  13.7   0.0  36.4  49.9   0.0    5   1634   2088   0.00E
14:44:08  18.0   0.0  32.1  49.9   0.0    5   1882   2130   0.00E
14:44:09  16.0   0.0  34.2  49.9   0.0    5   1666   2162   0.00E
14:44:09  14.5   0.0  35.6  49.9   0.0    5   2076   2474   0.00E
14:44:10  16.2   0.0  33.8  50.0   0.0    5   1676   2328   0.00E
14:44:10  15.8   0.0  34.3  49.9   0.0    5   1860   2330   0.00E
14:44:11  16.0   0.0  34.1  49.9   0.0    5   1878   2390   0.00E
14:44:11  17.0   0.0  33.1  49.9   0.0    5   1948   2382   0.00E
14:44:12  15.2   0.0  34.9  49.9   0.0    5   1790   2452   0.00E
14:44:12  18.1   0.0  31.9  49.7   0.3    5   2092   2478   0.00E
14:44:13  16.5   0.0  33.7  49.9   0.0    5   1744   2322   0.00E
  Time    User  Nice   Sys  Idle    IO  Run Ctxt/s  IRQ/s  Watts
14:44:13  15.8   0.0  34.3  49.9   0.0    5   2022   2466   0.00E
14:44:14  20.0   0.0  30.0  50.0   0.0    6   1716   2398   0.00E
14:44:14  17.8   0.0  32.8  49.4   0.0    5   2000   2396   0.00E
14:44:15  16.5   0.0  33.6  49.9   0.0    5   1982   2604   0.00E
14:44:15  18.5   0.0  31.7  49.9   0.0    5   1944   2480   0.00E
14:44:16  16.0   0.0  34.1  49.9   0.0    5   1894   2422   0.00E
14:44:16  17.5   0.0  32.6  49.9   0.0    5   2014   2418   0.00E
14:44:17  17.2   0.0  32.9  49.4   0.5    5   1962   2406   0.00E
14:44:17  14.8   0.0  35.5  49.8   0.0    5   2008   2468   0.00E
14:44:18  16.8   0.0  33.1  50.1   0.0    5   1734   2294   0.00E
14:44:18  15.8   0.0  34.3  49.9   0.0    5   1934   2340   0.00E
14:44:19  16.3   0.0  33.8  49.9   0.0    5   1850   2330   0.00E
14:44:19  16.5   0.0  33.8  49.8   0.0    5   1916   2268   0.00E
14:44:20  15.8   0.0  34.3  49.9   0.0    5   1812   2302   0.00E
14:44:20  17.5   0.0  32.8  49.8   0.0    5   1934   2352   0.00E
14:44:21  17.2   0.0  32.8  50.0   0.0    5   1768   2342   0.00E
14:44:21  16.2   0.0  34.0  49.8   0.0    5   1974   2382   0.00E
14:44:22  18.0   0.0  32.0  49.8   0.2    5   1800   2298   0.00E
14:44:22  18.3   0.0  32.1  49.6   0.0    5   2212   2404   0.00E
14:44:23  15.8   0.0  34.3  49.9   0.0    5   1870   2440   0.00E
14:44:23  16.0   0.0  34.1  49.9   0.0    5   1868   2338   0.00E
14:44:24  18.5   0.0  31.7  49.9   0.0    5   1712   2178   0.00E
14:44:24  17.0   0.0  33.1  49.9   0.0    5   1856   2236   0.00E
  Time    User  Nice   Sys  Idle    IO  Run Ctxt/s  IRQ/s  Watts
14:44:25  17.5   0.0  32.5  50.0   0.0    5   1752   2272   0.00E
14:44:25  18.0   0.0  32.1  49.9   0.0    5   1970   2334   0.00E
14:44:26  16.0   0.0  34.0  50.0   0.0    5   1764   2208   0.00E
14:44:26  17.6   0.0  32.9  49.5   0.0    5   2064   2270   0.00E
14:44:27  16.5   0.0  33.8  49.8   0.0    5   1798   2222   0.00E
14:44:27  16.3   0.0  33.8  49.6   0.3    5   2002   2278   0.00E
14:44:28  17.5   0.0  32.5  49.8   0.2    5   1870   2246   0.00E
14:44:28  17.8   0.0  32.3  49.9   0.0    5   1856   2164   0.00E
14:44:29  17.5   0.0  32.5  50.0   0.0    5   1654   2206   0.00E
14:44:29  18.8   0.0  31.5  49.8   0.0    5   1914   2254   0.00E
14:44:30  17.2   0.0  32.8  50.0   0.0    5   1626   2130   0.00E
14:44:30  18.6   0.0  31.7  49.7   0.0    5   2242   2426   0.00E
14:44:31  17.3   0.0  33.1  49.6   0.0    5   2336   2538   0.00E
14:44:31  17.5   0.0  32.9  49.6   0.0    5   2656   2522   0.00E
14:44:32  14.2   0.0  34.9  50.9   0.0    2   2778   2680   0.00E
14:44:32   0.3   0.0   0.5  99.2   0.0    1   2030   1078   0.00E
14:44:33   0.3   0.0   0.0  99.7   0.0    1   1862   1050   0.00E
14:44:33   0.8   0.0   0.3  99.0   0.0    1   2098   1060   0.00E
14:44:34   0.2   0.0   0.5  99.2   0.0    1   1694    872   0.00E
14:44:34   0.3   0.0   0.5  99.2   0.0    1   1992    970   0.00E
14:44:35   0.0   0.0   0.0 100.0   0.0    1   1860   1016   0.00E
14:44:35   0.0   0.0   0.3  99.7   0.0    1   1850    926   0.00E
14:44:36   0.5   0.0   0.0  99.5   0.0    1   1666    746   0.00E
  Time    User  Nice   Sys  Idle    IO  Run Ctxt/s  IRQ/s  Watts
14:44:36   0.3   0.0   0.3  99.5   0.0    1   2114   1020   0.00E
14:44:37   0.8   0.0   0.5  98.7   0.0    1   2418   1038   0.00E
14:44:37   0.5   0.0   0.0  99.2   0.3    2   2360   1122   0.00E
14:44:38   0.3   0.0   0.8  98.7   0.3    1   2366   1182   0.00E
14:44:38   0.5   0.0   0.0  99.5   0.0    1   2108   1270   0.00E
14:44:39   0.8   0.0   0.5  98.7   0.0    2   4522   5456   0.00E
14:44:39   0.8   0.0   0.8  98.5   0.0    1   3538   6072   0.00E
14:44:40   1.2   0.0   2.0  96.8   0.0    1   4388   6520   0.00E
14:44:40   1.3   0.0   1.0  97.7   0.0    1   3916   5104   0.00E
14:44:41   0.5   0.0   0.3  99.2   0.0    1   2562   1252   0.00E
14:44:41   1.8   0.0   0.3  98.0   0.0    1   3638   1698   0.00E
14:44:42   1.3   0.0   1.3  97.5   0.0    1   2660   1442   0.00E
14:44:42   0.0   0.0   0.0 100.0   0.0    1   1924   1088   0.00E
14:44:43   0.8   0.0   0.5  98.5   0.2    1   1780   1128   0.00E
14:44:43   0.3   0.0   0.8  99.0   0.0    1   2082   1242   0.00E
14:44:44   0.0   0.0   0.0 100.0   0.0    1   1718    944   0.00E
14:44:44   0.0   0.0   0.0 100.0   0.0    1   1738    948   0.00E
14:44:45   0.5   0.0   1.0  98.5   0.0    1   2068   1146   0.00E
14:44:45   0.0   0.0   1.0  99.0   0.0    3   2092   1078   0.00E
14:44:46   0.8   0.0   0.0  99.2   0.0    1   2788   1170   0.00E
14:44:46   0.3   0.0   0.5  99.2   0.0    1   2200   1056   0.00E
14:44:47   0.3   0.0   0.5  99.2   0.0    1   2096   1052   0.00E
14:44:47   0.3   0.0   0.3  99.5   0.0    1   2408   1192   0.00E
  Time    User  Nice   Sys  Idle    IO  Run Ctxt/s  IRQ/s  Watts
14:44:48   1.0   0.0   0.5  98.2   0.3    1   2606   1312   0.00E
14:44:48   0.0   0.0   0.0 100.0   0.0    1   1848    940   0.00E
14:44:49   0.3   0.0   0.3  99.5   0.0    1   1788    974   0.00E
14:44:49   0.5   0.0   0.8  98.7   0.0    1   2072   1016   0.00E
14:44:50   0.3   0.0   0.0  99.7   0.0    1   1642    822   0.00E
14:44:50   0.5   0.0   0.3  99.2   0.0    1   1716    806   0.00E
14:44:51   0.5   0.0   0.5  99.0   0.0    2   2326   1204   0.00E
14:44:51   0.3   0.0   0.5  99.2   0.0    1   2190   1098   0.00E
14:44:52   1.2   0.0   0.5  98.2   0.0    3   2236   1212   0.00E
14:44:52   0.5   0.0   0.3  99.2   0.0    1   2136    982   0.00E
14:44:53   0.0   0.0   0.3  99.5   0.3    1   1644    916   0.00E
14:44:53   0.5   0.0   0.0  99.5   0.0    1   2272   1158   0.00E
14:44:54   0.3   0.0   0.3  99.5   0.0    1   1646    804   0.00E
14:44:54   2.3   0.0   0.8  96.9   0.0    1   7248   4206   0.00E
14:44:55   3.0   0.0   1.0  96.0   0.0    1   6544   7014   0.00E
14:44:55   7.1   0.0   2.5  90.1   0.3    2  15934   8412   0.00E
14:44:56   6.3   0.0   1.8  91.6   0.3    3  13284   5244   0.00E
14:44:56   9.9   0.0   1.8  88.3   0.0    4  10338   7162   0.00E
14:44:57  14.8   0.0   2.8  81.5   1.0    2  22768   7176   0.00E
14:44:57   7.7   0.0   2.5  89.8   0.0    1  15482   5396   0.00E
14:44:58   1.5   0.0   0.5  98.0   0.0    1   5580   1934   0.00E
14:44:58   2.0   0.0   1.2  96.8   0.0    1   3936   1574   0.00E
14:44:59   5.4   0.0   1.0  93.4   0.3    3   9768   3168   0.00E
  Time    User  Nice   Sys  Idle    IO  Run Ctxt/s  IRQ/s  Watts
14:44:59   8.4   0.0   2.0  89.5   0.0    1  16902   6650   0.00E
14:45:00  10.6   0.0   2.5  86.9   0.0    2  25836   9234   0.00E
14:45:00   6.1   0.0   1.8  92.1   0.0    1  10278   5772   0.00E
14:45:01   3.3   0.0   1.5  95.2   0.0    2   6710   2810   0.00E
14:45:01  15.7   0.0   2.7  81.0   0.5    2  25888   5116   0.00E
14:45:02  13.6   0.0   2.1  84.4   0.0    2  18920   5828   0.00E
14:45:02   3.6   0.0   0.5  95.9   0.0    1  10282   6082   0.00E
14:45:03   1.8   0.0   1.3  96.9   0.0    1   7002   6476   0.00E
14:45:03   1.0   0.0   0.5  98.5   0.0    1   4716   4946   0.00E
14:45:04   1.3   0.0   0.5  97.7   0.5    1   5172   5200   0.00E
14:45:04   0.5   0.0   0.8  98.7   0.0    1   3852   3390   0.00E
14:45:05   0.8   0.0   0.5  98.7   0.0    1   3506   2314   0.00E
14:45:05   5.0   0.0   1.3  93.5   0.3    1   4042   3856   0.00E
14:45:06   3.0   0.0   1.3  95.7   0.0    1   6172   6236   0.00E
14:45:06   4.6   0.0   0.0  95.4   0.0    1  11152   6850   0.00E
14:45:07   0.8   0.0   1.0  98.0   0.3    1   2958   1472   0.00E
14:45:07   1.0   0.0   0.3  98.7   0.0    2   2576   1374   0.00E
14:45:08   0.8   0.0   0.8  98.5   0.0    2   3416   2594   0.00E
14:45:08   0.5   0.0   0.8  98.7   0.0    1   3692   2830   0.00E
14:45:09   1.0   0.0   1.0  97.7   0.3    2   5342   5600   0.00E
14:45:09   0.8   0.0   0.3  98.7   0.3    1   3112   2136   0.00E
14:45:10   3.5   0.0   2.0  94.4   0.0    1  10454   5918   0.00E
14:45:10   3.7   0.0   1.5  94.8   0.0    1   9456   6924   0.00E
  Time    User  Nice   Sys  Idle    IO  Run Ctxt/s  IRQ/s  Watts
14:45:11   2.5   0.0   0.8  96.7   0.0    1   4678   3872   0.00E
14:45:11   1.0   0.0   0.8  98.2   0.0    1   6078   4074   0.00E
14:45:12   3.5   0.0   1.2  95.2   0.0    1   6736   4796   0.00E
14:45:12   3.0   0.0   1.0  95.2   0.8    1  10884   7234   0.00E
14:45:13   0.3   0.0   0.5  99.2   0.0    1   2522   1460   0.00E
14:45:13   0.0   0.0   0.0 100.0   0.0    1   1892   1110   0.00E
14:45:14   0.3   0.0   0.3  99.5   0.0    1   1646    908   0.00E
14:45:14   4.8   0.0   2.5  92.7   0.0    3   6994   3296   0.00E
14:45:15   3.1   0.0   1.8  95.2   0.0    1   7094   3130   0.00E
14:45:15   9.4   0.0   3.3  86.8   0.5    1  27094   5514   0.00E
14:45:16   4.0   0.3   3.0  92.5   0.3    1  22472   4498   0.00E
14:45:16   2.0   0.0   2.5  95.4   0.0    1  18230   6116   0.00E
14:45:17   2.3   0.0   1.8  95.7   0.3    1  17860   6458   0.00E
14:45:17   1.3   0.0   1.8  96.9   0.0    1  20288   9038   0.00E
14:45:18   2.3   0.0   2.0  95.7   0.0    1  18320   7652   0.00E
14:45:18   2.3   0.0   1.3  96.2   0.3    1  15346   3632   0.00E
14:45:19   2.5   0.0   1.8  95.7   0.0    2  13312   2670   0.00E
14:45:19   2.8   0.0   1.5  95.7   0.0    1  13160   2748   0.00E
14:45:20   2.0   0.0   3.0  92.4   2.5    1  11514   3856   0.00E
14:45:20   6.0   0.0   2.0  91.7   0.3    6   8758   3310   0.00E
14:45:21   5.8   0.0   2.5  91.7   0.0    4   9162   3560   0.00E
14:45:21   5.3   0.0   1.3  93.4   0.0    4   8362   3218   0.00E
14:45:22   5.5   0.0   1.8  92.7   0.0    2   8602   3176   0.00E
  Time    User  Nice   Sys  Idle    IO  Run Ctxt/s  IRQ/s  Watts
14:45:22   5.1   0.0   1.5  93.4   0.0    2   8892   3430   0.00E
14:45:23   0.8   0.0   0.3  99.0   0.0    1   2846   1444   0.00E
14:45:23   0.0   0.0   0.3  99.7   0.0    1   1782   1042   0.00E
14:45:24   0.0   0.0   0.3  99.7   0.0    1   1732    976   0.00E
14:45:24   0.0   0.0   0.3  99.7   0.0    1   1684    884   0.00E
14:45:25   0.3   0.0   0.5  99.2   0.0    1   1596    892   0.00E
14:45:25   1.5   0.0   0.0  98.2   0.3    2   6696   5614   0.00E
14:45:26   4.5   0.0   3.5  91.7   0.3    2  10880   8748   0.00E
14:45:26  10.6   0.0   3.0  86.4   0.0    2  17086   3420   0.00E
14:45:27   3.3   0.0   1.0  95.7   0.0    1   5032   2386   0.00E
14:45:27   2.0   0.0   1.3  96.7   0.0    1   7272   4818   0.00E
14:45:28   2.8   0.0   1.5  95.7   0.0    1   4910   2242   0.00E
14:45:28   1.8   0.0   1.3  97.0   0.0    1   6406   5754   0.00E
14:45:29   1.5   0.0   0.5  97.4   0.5    1   7068   7166   0.00E
14:45:29   1.5   0.0   1.0  97.5   0.0    1   6726   7558   0.00E
14:45:30   1.5   0.0   1.3  97.2   0.0    2   5386   3750   0.00E
14:45:30   2.5   0.0   1.5  95.7   0.3    3   5148   2542   0.00E
14:45:31   2.0   0.0   1.0  97.0   0.0    1   4986   2484   0.00E
14:45:31   2.5   0.0   1.0  96.5   0.0    1   5082   2384   0.00E
14:45:32   2.5   0.0   1.0  96.0   0.5    2   4976   2368   0.00E
14:45:32   5.5   0.0   2.0  92.4   0.0    1   8150   2944   0.00E
14:45:33   2.5   0.0   0.8  96.7   0.0    1   5004   2462   0.00E
14:45:33   3.0   0.0   0.8  96.0   0.3    1   5346   2512   0.00E
  Time    User  Nice   Sys  Idle    IO  Run Ctxt/s  IRQ/s  Watts
14:45:34   2.5   0.0   1.3  96.2   0.0    1   5028   2518   0.00E
14:45:34   2.0   0.0   1.5  96.5   0.0    1   5016   2416   0.00E
14:45:35   2.3   0.0   1.0  96.7   0.0    1   5616   4026   0.00E
14:45:35   2.5   0.0   1.3  96.2   0.0    1   6490   5338   0.00E
14:45:36   3.3   0.0   0.8  95.7   0.3    1   5406   2784   0.00E
14:45:36   2.8   0.0   1.3  96.0   0.0    1   5066   2382   0.00E
14:45:37   2.8   0.0   0.8  96.5   0.0    1   4838   2290   0.00E
14:45:37   2.3   0.0   1.0  96.7   0.0    1   5108   2438   0.00E
14:45:38   2.5   0.0   1.5  96.0   0.0    1   4902   2214   0.00E
14:45:38   2.0   0.0   2.3  95.7   0.0    1   5002   2374   0.00E
14:45:39   2.8   0.0   0.8  96.5   0.0    1   4920   2244   0.00E
14:45:39   2.5   0.0   1.5  96.0   0.0    1   5132   2534   0.00E
14:45:40   2.8   0.0   0.5  96.7   0.0    1   4878   2262   0.00E
14:45:40   2.0   0.0   1.3  96.7   0.0    1   5062   2330   0.00E
14:45:41   3.3   0.0   0.8  96.0   0.0    1   5026   2338   0.00E
14:45:41   2.5   0.0   1.0  96.5   0.0    1   4980   2410   0.00E
14:45:42   2.8   0.0   0.8  96.4   0.0    1   5464   2384   0.00E
14:45:42   2.5   0.0   1.8  95.7   0.0    1   5122   2348   0.00E
14:45:43   2.0   0.0   1.0  97.0   0.0    1   4902   2258   0.00E
14:45:43   1.8   0.0   1.3  96.9   0.0    1   4926   2384   0.00E
14:45:44   2.0   0.0   0.5  97.4   0.0    1   4904   2350   0.00E
14:45:44   2.5   0.0   1.0  96.5   0.0    1   5014   2422   0.00E
14:45:45   2.5   0.0   1.0  96.5   0.0    1   4890   2342   0.00E
  Time    User  Nice   Sys  Idle    IO  Run Ctxt/s  IRQ/s  Watts
14:45:45   2.3   0.0   0.8  97.0   0.0    1   4938   2342   0.00E
14:45:46   2.8   0.0   1.0  96.0   0.3    1   4962   2388   0.00E
14:45:46   3.5   0.0   1.0  95.5   0.0    1   5554   2700   0.00E
14:45:47   2.8   0.0   1.3  96.0   0.0    1   4894   2442   0.00E
14:45:47   2.8   0.0   0.8  96.5   0.0    1   5022   2522   0.00E
14:45:48   2.3   0.0   2.0  95.7   0.0    2   4954   2454   0.00E
14:45:48   2.0   0.0   2.0  96.0   0.0    1   5144   2608   0.00E
14:45:49   2.8   0.0   1.3  96.0   0.0    1   4944   2348   0.00E
14:45:49   2.3   0.0   0.8  96.7   0.3    2   5346   2740   0.00E
14:45:50   2.3   0.0   0.8  97.0   0.0    1   4790   2252   0.00E
14:45:50   3.0   0.0   0.8  96.2   0.0    1   5042   2358   0.00E
14:45:51   2.5   0.0   1.0  96.2   0.3    1   5006   2456   0.00E
14:45:51   2.5   0.0   1.5  95.9   0.0    1   5328   2604   0.00E
14:45:52   2.3   0.0   1.3  96.5   0.0    2   4946   2466   0.00E
14:45:52   2.8   0.0   0.8  96.4   0.0    1   5260   2530   0.00E
14:45:53   2.5   0.0   0.8  96.7   0.0    1   4900   2260   0.00E
14:45:53   2.3   0.0   0.8  97.0   0.0    1   4990   2308   0.00E
14:45:54   2.3   0.0   1.3  96.5   0.0    1   4906   2196   0.00E
14:45:54   2.5   0.0   0.8  96.7   0.0    2   4920   2410   0.00E
14:45:55   2.5   0.0   1.5  96.0   0.0    1   4966   2384   0.00E
14:45:55   1.8   0.0   1.8  96.5   0.0    2   5018   2498   0.00E
14:45:56   2.5   0.0   1.3  96.2   0.0    1   4998   2428   0.00E
14:45:56   2.5   0.0   1.0  95.7   0.8    1   5138   2392   0.00E
  Time    User  Nice   Sys  Idle    IO  Run Ctxt/s  IRQ/s  Watts
14:45:57   2.5   0.0   0.8  96.7   0.0    1   4974   2384   0.00E
14:45:57   1.8   0.0   1.5  96.7   0.0    1   5180   2532   0.00E
14:45:58   2.3   0.0   1.3  96.5   0.0    1   4818   2214   0.00E
14:45:58   2.8   0.0   0.5  96.7   0.0    1   5052   2362   0.00E
14:45:59   2.3   0.0   1.0  96.7   0.0    1   4930   2422   0.00E
14:45:59   1.5   0.0   2.0  96.2   0.3    1   5080   2452   0.00E
14:46:00   1.8   0.0   1.0  97.2   0.0    2   4836   2214   0.00E
14:46:00   2.5   0.0   0.5  97.0   0.0    1   4964   2350   0.00E
14:46:01   2.5   0.0   1.3  96.2   0.0    1   4942   2366   0.00E
14:46:01   2.5   0.0   1.0  96.5   0.0    1   5024   2290   0.00E
14:46:02   2.0   0.0   1.3  96.7   0.0    1   4876   2316   0.00E
14:46:02   2.5   0.0   1.0  96.2   0.3    3   5026   2324   0.00E
14:46:03   3.5   0.0   0.5  96.0   0.0    2   4934   2238   0.00E
14:46:03   2.0   0.0   1.0  96.9   0.0    2   5070   2472   0.00E
14:46:04   2.0   0.0   1.3  96.7   0.0    1   4856   2290   0.00E
14:46:04   3.0   0.0   0.8  96.2   0.0    2   5008   2286   0.00E
14:46:05   2.5   0.0   1.3  96.2   0.0    2   4980   2442   0.00E
14:46:05   2.3   0.0   1.3  96.5   0.0    2   4948   2278   0.00E
14:46:06   3.3   0.0   0.3  96.2   0.3    2   5048   2266   0.00E
14:46:06   2.3   0.0   0.8  97.0   0.0    2   5052   2286   0.00E
14:46:07   2.3   0.0   1.0  96.7   0.0    2   4998   2306   0.00E
14:46:07   2.5   0.0   1.0  96.5   0.0    3   4900   2370   0.00E
14:46:08   2.0   0.0   1.3  96.7   0.0    2   4806   2220   0.00E
  Time    User  Nice   Sys  Idle    IO  Run Ctxt/s  IRQ/s  Watts
14:46:08   2.3   0.0   1.3  96.5   0.0    2   4996   2316   0.00E
14:46:09   1.8   0.0   1.8  96.5   0.0    2   4900   2296   0.00E
14:46:09   2.5   0.0   1.3  96.0   0.3    2   5122   2448   0.00E
14:46:10   2.0   0.0   1.5  96.5   0.0    2   4944   2410   0.00E
14:46:10   2.5   0.0   0.8  96.7   0.0    2   4920   2420   0.00E
14:46:11   2.5   0.0   0.8  96.5   0.3    2   4928   2488   0.00E
14:46:11   2.8   0.0   1.5  95.7   0.0    2   5124   2604   0.00E
14:46:12   2.3   0.0   1.3  96.5   0.0    2   4876   2420   0.00E
14:46:12   2.5   0.0   0.8  96.7   0.0    2   5188   2486   0.00E
14:46:13   2.3   0.0   0.5  97.2   0.0    2   4878   2414   0.00E
14:46:13   1.8   0.0   1.0  97.2   0.0    2   4966   2370   0.00E
14:46:14   2.8   0.0   1.0  96.2   0.0    2   4890   2398   0.00E
14:46:14   3.0   0.0   1.0  96.0   0.0    2   5096   2450   0.00E
14:46:15   2.8   0.0   0.5  96.7   0.0    2   4940   2314   0.00E
14:46:15   2.0   0.0   1.5  96.5   0.0    1   4914   2368   0.00E
14:46:16   2.0   0.0   0.8  97.2   0.0    1   4844   2288   0.00E
14:46:16   2.3   0.0   1.0  96.5   0.3    1   5036   2286   0.00E
14:46:17   2.5   0.0   0.5  97.0   0.0    1   4920   2174   0.00E
14:46:17   2.0   0.0   1.8  96.2   0.0    1   5016   2380   0.00E
14:46:18   1.8   0.0   1.3  97.0   0.0    1   4854   2276   0.00E
14:46:18   2.3   0.0   0.8  97.0   0.0    1   5004   2302   0.00E
14:46:19   2.5   0.0   1.5  96.0   0.0    1   4860   2328   0.00E
14:46:19   2.5   0.0   1.0  96.2   0.3    1   4950   2240   0.00E
  Time    User  Nice   Sys  Idle    IO  Run Ctxt/s  IRQ/s  Watts
14:46:20   2.3   0.0   1.0  96.7   0.0    1   4748   2066   0.00E
14:46:20   2.5   0.0   1.5  96.0   0.0    2   4982   2448   0.00E
14:46:21   2.8   0.0   0.8  96.5   0.0    2   4906   2376   0.00E
14:46:21   2.5   0.0   1.0  96.5   0.0    3   4950   2326   0.00E
14:46:22   2.5   0.0   0.8  96.7   0.0    2   4866   2312   0.00E
14:46:22   1.8   0.0   1.5  96.7   0.0    3   5232   2500   0.00E
14:46:23   2.5   0.0   1.0  96.5   0.0    3   5036   2382   0.00E
14:46:23   3.3   0.0   0.3  96.5   0.0    1   5086   2378   0.00E
14:46:24   2.3   0.0   1.0  96.7   0.0    1   4962   2420   0.00E
14:46:24   2.0   0.0   0.8  96.9   0.3    1   5084   2412   0.00E
14:46:25   2.5   0.0   1.0  96.5   0.0    1   4902   2326   0.00E
14:46:25   2.5   0.0   1.5  96.0   0.0    1   5044   2426   0.00E
14:46:26   2.5   0.0   0.8  96.7   0.0    1   4858   2256   0.00E
14:46:26   3.0   0.0   1.0  96.0   0.0    1   5044   2268   0.00E
14:46:27   1.8   0.0   0.8  97.5   0.0    1   4850   2082   0.00E
14:46:27   2.3   0.0   1.0  96.7   0.0    1   5006   2316   0.00E
14:46:28   2.8   0.0   1.3  96.0   0.0    1   4906   2264   0.00E
14:46:28   2.8   0.0   1.8  95.5   0.0    1   5084   2244   0.00E
14:46:29   2.5   0.0   0.3  97.2   0.0    1   4864   2192   0.00E
14:46:29   2.0   0.0   0.8  97.2   0.0    1   4924   2218   0.00E
14:46:30   2.0   0.0   1.5  96.2   0.3    1   4944   2324   0.00E
14:46:30   2.3   0.0   1.5  96.2   0.0    1   4872   2096   0.00E
14:46:31   2.0   0.0   1.5  96.5   0.0    1   4786   2128   0.00E
  Time    User  Nice   Sys  Idle    IO  Run Ctxt/s  IRQ/s  Watts
14:46:31   2.3   0.0   1.8  96.0   0.0    1   4854   2178   0.00E
14:46:32   2.5   0.0   0.8  96.7   0.0    1   4740   2050   0.00E
14:46:32   2.5   0.0   1.3  96.2   0.0    1   4998   2194   0.00E
14:46:33   3.5   0.0   1.3  95.2   0.0    1   6854   2450   0.00E
14:46:33   2.8   0.0   1.5  95.7   0.0    1   4966   2488   0.00E
14:46:34   2.3   0.0   1.3  96.5   0.0    1   4826   2376   0.00E
14:46:34   2.3   0.0   1.0  96.7   0.0    1   4952   2344   0.00E
14:46:35   2.5   0.0   1.3  96.0   0.3    1   4912   2370   0.00E
14:46:35   2.8   0.0   1.5  95.7   0.0    1   4988   2298   0.00E
14:46:36   3.0   0.0   1.0  96.0   0.0    1   4884   2084   0.00E
14:46:36   2.5   0.0   1.3  96.2   0.0    1   4890   2264   0.00E
14:46:37   2.5   0.0   1.3  96.2   0.0    1   4744   2134   0.00E
14:46:37   2.0   0.0   1.0  97.0   0.0    1   4930   2340   0.00E
14:46:38   2.3   0.0   0.8  97.0   0.0    3   4930   2298   0.00E
14:46:38   3.0   0.0   0.8  96.2   0.0    1   4946   2180   0.00E
14:46:39   2.3   0.0   1.3  96.5   0.0    1   4800   2226   0.00E
14:46:39   2.5   0.0   1.5  96.0   0.0    1   4986   2324   0.00E
14:46:40   2.3   0.0   1.0  96.7   0.0    1   4902   2278   0.00E
14:46:40   2.8   0.0   1.3  95.2   0.8    1   5082   2318   0.00E
14:46:41   2.0   0.0   1.0  97.0   0.0    1   4844   2176   0.00E
14:46:41   2.0   0.0   1.3  96.7   0.0    1   4876   2282   0.00E
14:46:42   2.3   0.0   1.0  96.7   0.0    1   4770   2352   0.00E
14:46:42   3.0   0.0   1.3  95.7   0.0    1   5098   2432   0.00E
  Time    User  Nice   Sys  Idle    IO  Run Ctxt/s  IRQ/s  Watts
14:46:43   3.8   0.0   1.2  95.0   0.0    1   5408   2406   0.00E
14:46:43   2.0   0.0   1.0  96.9   0.0    1   5002   2464   0.00E
14:46:44   2.0   0.0   1.5  96.5   0.0    1   4964   2304   0.00E
14:46:44   2.3   0.0   1.3  96.5   0.0    1   5062   2316   0.00E
14:46:45   2.0   0.0   1.0  97.0   0.0    1   4894   2262   0.00E
14:46:45   2.3   0.0   0.8  96.7   0.3    1   5014   2364   0.00E
14:46:46   2.5   0.0   1.0  96.5   0.0    1   4948   2452   0.00E
14:46:46   2.5   0.0   0.8  96.7   0.0    1   4864   2296   0.00E
14:46:47   2.5   0.0   1.3  96.2   0.0    1   4768   2054   0.00E
14:46:47   2.8   0.0   0.8  96.5   0.0    1   4778   2108   0.00E
14:46:48   2.0   0.0   1.0  97.0   0.0    1   4858   2156   0.00E
14:46:48   2.8   0.0   0.8  96.5   0.0    1   4968   2260   0.00E
14:46:49   2.5   0.0   0.8  96.7   0.0    1   4792   2310   0.00E
14:46:49   2.3   0.0   1.3  96.5   0.0    1   4948   2324   0.00E
14:46:50   3.0   0.0   0.8  96.2   0.0    1   4894   2252   0.00E
14:46:50   3.0   0.0   0.8  96.2   0.0    1   4970   2170   0.00E
14:46:51   2.5   0.0   1.3  96.2   0.0    1   4782   2132   0.00E
14:46:51   2.5   0.0   0.8  96.7   0.0    1   4988   2278   0.00E
14:46:52   2.3   0.0   1.3  96.5   0.0    1   4794   2182   0.00E
14:46:52   3.3   0.0   0.8  95.9   0.0    1   5246   2620   0.00E
14:46:53   2.8   0.0   0.8  96.5   0.0    1   4876   2318   0.00E
14:46:53   2.3   0.0   1.0  96.7   0.0    1   5014   2368   0.00E
14:46:54   1.8   0.0   1.0  97.2   0.0    2   4786   2254   0.00E
  Time    User  Nice   Sys  Idle    IO  Run Ctxt/s  IRQ/s  Watts
14:46:54   2.5   0.0   0.8  96.7   0.0    2   4882   2354   0.00E
14:46:55   2.3   0.0   1.3  96.5   0.0    1   4964   2338   0.00E
14:46:55   2.5   0.0   1.0  96.5   0.0    1   4996   2480   0.00E
14:46:56   2.5   0.0   1.0  96.0   0.5    2   4984   2424   0.00E
14:46:56   2.5   0.0   0.5  97.0   0.0    1   5004   2394   0.00E
14:46:57   2.0   0.0   1.5  96.5   0.0    2   4878   2362   0.00E
14:46:57   2.3   0.0   1.0  96.7   0.0    3   5036   2458   0.00E
14:46:58   2.3   0.0   1.8  96.0   0.0    4   4910   2238   0.00E
14:46:58   2.5   0.0   0.8  96.7   0.0    2   5026   2308   0.00E
14:46:59   2.8   0.0   0.8  96.5   0.0    3   4862   2246   0.00E
14:46:59   2.8   0.0   0.8  96.5   0.0    2   4930   2448   0.00E
14:47:00   3.3   0.0   0.8  96.0   0.0    2   4848   2250   0.00E
14:47:00   2.5   0.0   1.0  96.5   0.0    2   5094   2358   0.00E
14:47:01   2.3   0.0   1.8  95.5   0.5    3   5124   2504   0.00E
14:47:01   2.8   0.0   1.0  96.2   0.0    3   5110   2448   0.00E
14:47:02   3.0   0.0   0.5  96.5   0.0    2   4958   2474   0.00E
14:47:02   3.0   0.0   0.8  96.2   0.0    4   5086   2428   0.00E
14:47:03   2.5   0.0   0.8  96.7   0.0    2   4966   2360   0.00E
14:47:03   2.0   0.0   1.0  96.9   0.0    2   5112   2404   0.00E
14:47:04   3.0   0.0   1.5  95.5   0.0    2   4876   2332   0.00E
14:47:04   2.5   0.0   1.0  96.5   0.0    2   5020   2440   0.00E
14:47:05   2.8   0.0   1.0  96.2   0.0    2   4902   2196   0.00E
14:47:05   2.8   0.0   1.0  96.2   0.0    3   4868   2234   0.00E
  Time    User  Nice   Sys  Idle    IO  Run Ctxt/s  IRQ/s  Watts
14:47:06   2.3   0.0   0.8  96.7   0.3    2   4954   2362   0.00E
14:47:06   3.0   0.0   0.5  96.5   0.0    2   4934   2260   0.00E
14:47:07   2.5   0.0   0.8  96.7   0.0    1   4868   2300   0.00E
14:47:07   2.0   0.0   1.5  96.5   0.0    1   4954   2320   0.00E
14:47:08   2.0   0.0   1.8  96.2   0.0    1   4920   2254   0.00E
14:47:08   3.0   0.0   1.0  96.0   0.0    1   5000   2284   0.00E
14:47:09   1.8   0.0   1.0  97.2   0.0    2   4656   2082   0.00E
14:47:09   2.5   0.0   1.0  96.5   0.0    1   4928   2332   0.00E
14:47:10   2.3   0.0   1.0  96.7   0.0    1   4880   2140   0.00E
14:47:10   1.8   0.0   1.3  97.0   0.0    1   4832   2064   0.00E
14:47:11   3.0   0.0   0.8  96.0   0.3    1   4894   2194   0.00E
14:47:11   2.3   0.0   1.5  96.2   0.0    1   4928   2258   0.00E
14:47:12   2.5   0.0   1.3  96.2   0.0    1   4894   2384   0.00E
14:47:12   2.0   0.0   0.8  97.2   0.0    2   5202   2366   0.00E
14:47:13   2.3   0.0   0.8  96.7   0.3    3   5140   2500   0.00E
14:47:13   1.8   0.0   0.5  97.7   0.0    1   6742   5984   0.00E
14:47:14   2.3   0.0   1.5  96.2   0.0    1   6306   5604   0.00E
14:47:14  11.4   0.0   1.0  87.6   0.0    2  11870   5054   0.00E
14:47:15   3.8   0.0   0.8  95.5   0.0    3   5792   4464   0.00E
14:47:15   5.1   0.0   0.8  94.2   0.0    1   7596   5276   0.00E
14:47:16   9.1   0.0   1.5  89.4   0.0    2   7132   5510   0.00E
14:47:16   1.8   0.0   1.0  96.9   0.3    2   7762   7924   0.00E
14:47:17  13.0   0.0   2.0  85.0   0.0    2  11934   5080   0.00E
  Time    User  Nice   Sys  Idle    IO  Run Ctxt/s  IRQ/s  Watts
14:47:17  20.2   0.0   1.0  78.8   0.0    2   9542   4876   0.00E
14:47:18   4.5   0.0   0.8  94.7   0.0    1   7542   5498   0.00E
14:47:18   2.8   0.0   1.0  95.5   0.8    1   6404   4920   0.00E
14:47:19   2.5   0.0   1.0  96.5   0.0    1   6096   4912   0.00E
14:47:19   2.3   0.0   0.3  97.4   0.0    1   6912   5736   0.00E
14:47:20   4.3   0.0   0.8  94.9   0.0    1   7616   6598   0.00E
14:47:20  11.4   0.0   1.3  87.3   0.0    3  22568   8032   0.00E
14:47:21   4.5   0.0   1.5  93.9   0.0    1   9272   3222   0.00E
14:47:21   3.5   0.0   1.0  95.4   0.0    1   5444   2492   0.00E
14:47:22   3.5   0.0   0.5  96.0   0.0    1   5058   2342   0.00E
14:47:22   3.0   0.0   1.0  96.0   0.0    1   4802   2090   0.00E
14:47:23   2.8   0.0   1.0  96.2   0.0    1   4744   2030   0.00E
14:47:23   2.5   0.0   1.0  96.4   0.0    1   4900   2142   0.00E
14:47:24   4.8   0.0   1.5  93.8   0.0    1   7476   2356   0.00E
14:47:24   3.3   0.0   1.5  95.2   0.0    1   5018   2130   0.00E
14:47:25   4.3   0.0   1.5  94.2   0.0    4   6158   4016   0.00E
14:47:25   5.1   0.0   0.8  93.9   0.3    2  10608   7660   0.00E
14:47:26   6.0   0.0   1.5  92.5   0.0    1   9406   6560   0.00E
14:47:26   7.8   0.0   1.3  90.9   0.0    1   7644   4946   0.00E
14:47:27   5.5   0.0   0.8  93.8   0.0    1   6054   3842   0.00E
14:47:27   2.8   0.0   1.3  96.0   0.0    1   5728   3204   0.00E
14:47:28   2.5   0.0   0.5  97.0   0.0    1   4646   2072   0.00E
14:47:28   3.0   0.0   0.5  96.5   0.0    1   4650   1964   0.00E
  Time    User  Nice   Sys  Idle    IO  Run Ctxt/s  IRQ/s  Watts
14:47:29   3.0   0.0   0.8  96.2   0.0    1   4544   1908   0.00E
14:47:29   3.0   0.0   1.0  96.0   0.0    1   4928   2088   0.00E
14:47:30   3.0   0.0   1.3  95.7   0.0    1   4596   1898   0.00E
14:47:30   2.0   0.0   1.0  97.0   0.0    1   4560   1934   0.00E
14:47:31   2.5   0.0   1.0  96.5   0.0    1   4612   2012   0.00E
14:47:31   2.5   0.0   1.8  95.7   0.0    1   4804   2138   0.00E
14:47:32   2.8   0.0   1.5  95.7   0.0    1   6796   3168   0.00E
14:47:32   2.3   0.0   1.3  96.2   0.3    1   6804   3194   0.00E
14:47:33   2.0   0.0   1.5  96.5   0.0    1   6476   3028   0.00E
14:47:33   2.5   0.0   1.0  96.5   0.0    1   6518   3134   0.00E
14:47:34   2.0   0.0   0.5  97.4   0.0    1   6388   2942   0.00E
14:47:34   2.8   0.0   1.3  96.0   0.0    1   6442   3032   0.00E
14:47:35   2.3   0.0   1.5  96.2   0.0    1   6414   3068   0.00E
14:47:35   2.0   0.0   1.3  96.7   0.0    2   6506   3230   0.00E
14:47:36   3.8   0.0   1.0  95.2   0.0    1   6692   3282   0.00E
14:47:36   2.0   0.0   0.8  97.2   0.0    1   6580   3138   0.00E
14:47:37   2.8   0.0   1.3  96.0   0.0    1   6362   3032   0.00E
14:47:37   2.0   0.0   1.0  96.4   0.5    1   6640   3306   0.00E
14:47:38   1.8   0.0   1.0  97.2   0.0    1   6452   3128   0.00E
14:47:38   4.8   0.0   1.5  93.7   0.0    2   7016   4078   0.00E
14:47:39   3.0   0.0   1.0  96.0   0.0    1   6466   3136   0.00E
14:47:39   2.3   0.0   1.3  96.5   0.0    1   6532   3112   0.00E
14:47:40   2.0   0.0   1.5  96.5   0.0    1   6470   3134   0.00E
  Time    User  Nice   Sys  Idle    IO  Run Ctxt/s  IRQ/s  Watts
14:47:40   2.3   0.0   1.0  96.7   0.0    1   6546   3188   0.00E
14:47:41   1.8   0.0   1.5  96.7   0.0    2   6348   2994   0.00E
14:47:41   1.8   0.0   0.8  97.4   0.0    3   6442   2936   0.00E
14:47:42   2.5   0.0   1.0  96.5   0.0    1   6484   2994   0.00E
14:47:42   2.3   0.0   1.0  96.4   0.3    2   6584   3290   0.00E
14:47:43   2.5   0.0   1.3  96.2   0.0    1   6390   3076   0.00E
14:47:43   2.0   0.0   1.3  96.7   0.0    1   6362   3056   0.00E
14:47:44   2.0   0.0   1.0  96.9   0.0    1   7002   3272   0.00E
14:47:44   2.8   0.0   0.8  96.2   0.3    1   6468   3036   0.00E
14:47:45   2.0   0.0   1.3  96.7   0.0    1   6496   3118   0.00E
14:47:45   2.8   0.0   1.0  96.2   0.0    2   6422   2962   0.00E
14:47:46   2.8   0.0   1.5  95.7   0.0    2   6362   3076   0.00E
14:47:46   2.0   0.0   0.8  97.2   0.0    1   6486   3208   0.00E
14:47:47   2.3   0.0   1.0  96.7   0.0    2   6456   3156   0.00E
14:47:47   4.1   0.0   0.5  95.4   0.0    1   6822   3518   0.00E
14:47:48   2.3   0.0   1.3  96.2   0.3    1   6614   3220   0.00E
14:47:48   2.8   0.0   1.3  96.0   0.0    1   6382   2972   0.00E
14:47:49   2.3   0.0   1.8  96.0   0.0    1   6396   3158   0.00E
14:47:49   2.0   0.0   1.3  96.4   0.3    2   6508   3186   0.00E
14:47:50   2.5   0.0   1.3  96.2   0.0    1   6458   3164   0.00E
14:47:50   2.8   0.0   1.8  95.5   0.0    1   6582   3148   0.00E
14:47:51   2.8   0.0   1.0  96.2   0.0    1   6450   3160   0.00E
14:47:51   3.3   0.0   1.5  95.1   0.0    1   7576   3320   0.00E
  Time    User  Nice   Sys  Idle    IO  Run Ctxt/s  IRQ/s  Watts
14:47:52   2.5   0.0   0.8  96.7   0.0    1   4926   2268   0.00E
14:47:52   4.3   0.0   1.0  94.7   0.0    1   6940   4354   0.00E
14:47:53   3.3   0.0   0.8  95.9   0.0    2   6972   4900   0.00E
14:47:53   3.3   0.0   0.5  96.1   0.0    2   8426   7780   0.00E
14:47:54  18.6   0.0   2.8  78.6   0.0    2  11730   7644   0.00E
14:47:54   4.8   0.0   1.8  93.5   0.0    1   6128   3478   0.00E
14:47:55   3.8   0.0   1.5  94.7   0.0    2   9180   7724   0.00E
14:47:55   1.5   0.0   1.0  97.4   0.0    1   8714   7966   0.00E
14:47:56   5.0   0.0   1.0  94.0   0.0    1   7926   7488   0.00E
14:47:56   2.3   0.0   1.3  96.5   0.0    1   7350   7732   0.00E
14:47:57   2.3   0.0   1.8  95.9   0.0    1   5184   3102   0.00E
14:47:57   3.5   0.0   2.0  94.5   0.0    1   5054   2340   0.00E
14:47:58   4.0   0.0   2.5  93.2   0.2    2   5240   2442   0.00E
14:47:58   5.6   0.0   2.0  92.4   0.0    1   7664   7058   0.00E
14:47:59   5.3   0.0   2.0  92.7   0.0    2   6656   4598   0.00E
14:47:59   6.3   0.0   0.8  93.0   0.0    2   5580   2590   0.00E
14:48:00   3.5   0.0   2.5  94.0   0.0    1   5816   3366   0.00E
14:48:00   3.3   0.0   1.5  95.2   0.0    1   7264   6150   0.00E
14:48:01   2.8   0.0   1.5  95.7   0.0    1   8026   7686   0.00E
14:48:01   2.1   0.0   0.8  97.2   0.0    1   7244   7672   0.00E
14:48:02   8.1   0.0   1.3  90.7   0.0    9   6526   6480   0.00E
14:48:02   4.6   0.0   1.3  94.2   0.0    1   7048  11500   0.00E
14:48:03  11.3   0.0   1.5  87.2   0.0    3   8084   7700   0.00E
  Time    User  Nice   Sys  Idle    IO  Run Ctxt/s  IRQ/s  Watts
14:48:03   5.0   0.0   1.8  93.2   0.0    1   5476   2622   0.00E
14:48:04   3.5   0.0   1.8  94.5   0.3    4   4912   2202   0.00E
14:48:04   2.3   0.0   2.3  95.5   0.0    3   4642   2058   0.00E
14:48:05   3.3   0.0   1.3  95.5   0.0    2   4686   1976   0.00E
14:48:05   2.0   0.0   1.8  96.2   0.0    1   6326   4772   0.00E
14:48:06   2.3   0.0   2.0  95.7   0.0    2   6868   6286   0.00E
14:48:06   3.8   0.0   2.0  94.2   0.0    1   6488   6246   0.00E
14:48:07   3.5   0.0   2.0  94.4   0.0    1   7304   4916   0.00E
14:48:07   2.5   0.0   1.8  95.7   0.0    1   7192   6622   0.00E
14:48:08   1.3   0.0   2.5  96.2   0.0    1   6836   7440   0.00E
14:48:08   2.3   0.0   1.3  96.4   0.0    1   7226   7454   0.00E
14:48:09   2.0   0.0   2.0  95.7   0.3    1   7164   7528   0.00E
14:48:09   2.8   0.0   1.8  95.4   0.0    1   5352   2560   0.00E
14:48:10   7.8   0.0   2.5  89.8   0.0    1   8910   8320   0.00E
14:48:10   5.5   0.3   2.5  91.7   0.0    1   8212   6444   0.00E
14:48:11   9.4   0.0   1.5  89.1   0.0    1   6976   5032   0.00E
14:48:11   4.8   0.0   2.0  93.1   0.0    2   6558   3824   0.00E
14:48:12   5.6   0.0   2.3  92.2   0.0    1   6202   3036   0.00E
14:48:12   3.8   0.0   1.5  94.7   0.0    1   5408   2242   0.00E
14:48:13  11.9   0.0   2.8  85.4   0.0    2   9632   7470   0.00E
14:48:13   6.0   0.0   1.8  91.9   0.3    1   7238   5464   0.00E
14:48:14   8.5   0.0   2.1  89.5   0.0    2  10460   8042   0.00E
14:48:14   2.5   0.0   2.3  95.2   0.0    1   5010   2370   0.00E
  Time    User  Nice   Sys  Idle    IO  Run Ctxt/s  IRQ/s  Watts
14:48:15   3.0   0.0   1.8  95.2   0.0    1   4668   2038   0.00E
14:48:15   3.0   0.0   1.0  95.9   0.0    1   4744   2166   0.00E
14:48:16   3.8   0.0   1.8  94.4   0.0    1   5040   2278   0.00E
14:48:16   3.0   0.0   1.5  95.5   0.0    1   4872   2612   0.00E
14:48:17   5.1   0.0   1.0  93.9   0.0    2   8538   7750   0.00E
14:48:17   4.5   0.0   1.3  94.2   0.0    1   5806   4116   0.00E
14:48:18   3.3   0.0   1.0  95.7   0.0    1   5006   2932   0.00E
14:48:18   3.8   0.0   1.8  94.5   0.0    1   5270   2242   0.00E
14:48:19   3.5   0.0   1.8  94.7   0.0    1   7136   5354   0.00E
14:48:19   3.8   0.0   1.5  94.7   0.0    1   6992   5874   0.00E
14:48:20   2.3   0.0   2.0  95.7   0.0    1   7908   7214   0.00E
14:48:20   2.5   0.0   1.5  95.9   0.0    1   5416   4040   0.00E
14:48:21   1.8   0.0   1.5  96.4   0.3    1   6250   7080   0.00E
14:48:21   3.1   0.0   1.0  95.9   0.0    2   6454   7096   0.00E
14:48:22   6.0   0.0   2.0  91.7   0.3    1   6638   4022   0.00E
14:48:22   2.8   0.0   2.5  94.7   0.0    1   5058   2302   0.00E
14:48:23   3.0   0.0   2.0  95.0   0.0    1   4752   2156   0.00E
14:48:23   3.0   0.0   2.0  95.0   0.0    1   4840   2366   0.00E
14:48:24   2.8   0.0   2.0  95.2   0.0    1   7766   7444   0.00E
14:48:24   2.5   0.0   1.8  95.7   0.0    1   6212   5012   0.00E
14:48:25   3.0   0.0   1.3  95.7   0.0    2   7122   6262   0.00E
14:48:25   3.8   0.0   1.5  94.7   0.0    2   6572   7198   0.00E
14:48:26   3.8   0.0   1.3  94.9   0.0    1   5918   4100   0.00E
  Time    User  Nice   Sys  Idle    IO  Run Ctxt/s  IRQ/s  Watts
14:48:26   3.0   0.0   1.3  95.7   0.0    1   6962   6450   0.00E
14:48:27   9.6   0.0   1.5  88.9   0.0    1   6898   6300   0.00E
14:48:27   2.5   0.0   0.8  96.7   0.0    1   7318   5756   0.00E
14:48:28   2.8   0.0   1.0  96.2   0.0    1   6600   6290   0.00E
14:48:28   9.0   0.0   1.8  89.2   0.0    1  10840   4954   0.00E
14:48:29   1.3   0.0   1.0  97.7   0.0    1   3610   1614   0.00E
14:48:29   1.8   0.0   1.0  97.2   0.0    2   3716   1756   0.00E
14:48:30   1.8   0.0   0.5  97.7   0.0    1   5716   5880   0.00E
14:48:30   6.1   0.0   0.8  93.2   0.0    2   9254   6902   0.00E
14:48:31   6.1   0.0   0.5  93.2   0.3    1   9902   5604   0.00E
14:48:31   5.3   0.0   2.0  92.7   0.0    1  12452   7678   0.00E
14:48:32   2.0   0.0   0.8  97.2   0.0    1   8684   8396   0.00E
14:48:32   6.1   0.0   1.3  92.6   0.0    1  11906   6858   0.00E
14:48:33   2.8   0.0   1.8  95.5   0.0    1   9360   6382   0.00E
14:48:33   2.8   0.0   1.0  96.2   0.0    1   6622   6024   0.00E
14:48:34   3.8   0.0   1.0  94.5   0.8    1   6134   5728   0.00E
14:48:34   3.3   0.0   0.5  96.2   0.0    1   5758   3792   0.00E
14:48:35   2.5   0.0   0.5  96.9   0.0    2   5852   5498   0.00E
14:48:35   1.3   0.0   1.3  97.5   0.0    1   4922   4342   0.00E
14:48:36   2.6   0.0   0.5  96.9   0.0    1   6414   7388   0.00E
14:48:36  15.3   0.0   2.8  81.7   0.3    1  16778   7002   0.00E
14:48:37   6.4   0.0   0.8  92.9   0.0    2   7702   6954   0.00E
14:48:37   4.8   0.0   0.8  94.4   0.0    2   5968   4260   0.00E
  Time    User  Nice   Sys  Idle    IO  Run Ctxt/s  IRQ/s  Watts
14:48:38   2.3   0.0   0.5  97.2   0.0    2   6078   5982   0.00E
14:48:38   5.6   0.0   1.0  93.1   0.3    1   6512   4086   0.00E
14:48:39   1.5   0.0   1.0  97.5   0.0    1   3470   1666   0.00E
14:48:39   2.3   0.0   0.5  97.2   0.0    1   3676   1668   0.00E
14:48:40   1.8   0.0   1.0  97.2   0.0    1   3776   1740   0.00E
14:48:40   1.5   0.0   0.5  97.7   0.3    1   3432   1592   0.00E
14:48:41   4.5   0.0   1.5  94.0   0.0    2   5346   2390   0.00E
14:48:41   2.0   0.0   1.0  97.0   0.0    2   4128   1818   0.00E
14:48:42   3.3   0.0   1.5  95.2   0.0    2   6612   2930   0.00E
14:48:42   3.0   0.0   2.0  94.9   0.0    3   6420   2882   0.00E
14:48:43   3.3   0.0   1.5  95.2   0.0    2   6410   2870   0.00E
14:48:43   3.3   0.0   2.0  94.5   0.3    3   6486   2888   0.00E
14:48:44   2.8   0.0   1.5  95.7   0.0    2   6594   3152   0.00E
14:48:44   3.5   0.0   1.3  95.2   0.0    3   6428   2882   0.00E
14:48:45   3.8   0.0   1.8  94.4   0.0    2   7010   2966   0.00E
14:48:45   3.0   0.0   2.0  94.9   0.0    3   6456   2810   0.00E
14:48:46   3.3   0.0   1.5  94.9   0.3    2   6526   2830   0.00E
14:48:46   3.8   0.0   1.0  95.2   0.0    2   6440   2924   0.00E
14:48:47   3.0   0.0   1.5  95.4   0.0    2   6458   2964   0.00E
14:48:47   4.0   0.0   1.5  94.5   0.0    2   6648   3058   0.00E
14:48:48   3.6   0.0   1.3  95.2   0.0    2   6308   2838   0.00E
14:48:48   3.5   0.0   1.3  95.2   0.0    1   6376   2720   0.00E
14:48:49   3.8   0.0   1.5  94.7   0.0    2   6384   2998   0.00E
  Time    User  Nice   Sys  Idle    IO  Run Ctxt/s  IRQ/s  Watts
14:48:49   3.8   0.0   0.8  95.4   0.0    2   6342   2628   0.00E
14:48:50   3.5   0.0   1.3  95.2   0.0    1   6410   2758   0.00E
14:48:50   3.8   0.0   1.5  94.7   0.0    1   6318   2796   0.00E
14:48:51   2.8   0.0   1.5  95.4   0.3    2   6416   2812   0.00E
14:48:51   3.3   0.0   1.3  95.4   0.0    1   6482   2884   0.00E
14:48:52   2.8   0.0   2.3  94.9   0.0    1   6566   2864   0.00E
14:48:52   3.8   0.0   1.0  95.2   0.0    1   7510   4728   0.00E
14:48:53   2.0   0.0   1.0  97.0   0.0    1   7484   6680   0.00E
14:48:53   4.0   0.0   1.0  94.9   0.0    1   6678   3614   0.00E
14:48:54   3.3   0.0   1.5  95.2   0.0    2   8114   5868   0.00E
14:48:54   4.8   0.0   1.8  93.4   0.0    1   8592   4232   0.00E
14:48:55   7.2   0.0   1.8  91.0   0.0    3   8840   3470   0.00E
14:48:55   4.5   0.0   1.8  93.7   0.0    1   7834   3304   0.00E
14:48:56   3.8   0.0   2.0  94.2   0.0    3   6696   3040   0.00E
14:48:56   3.8   0.0   1.3  94.7   0.3    3   6490   2966   0.00E
14:48:57   4.5   0.0   1.5  93.7   0.3    2   6590   3256   0.00E
14:48:57   3.0   0.0   2.3  94.7   0.0    2   6428   2918   0.00E
-------- ----- ----- ----- ----- ----- ---- ------ ------ ------ 
 Average   9.4   0.0  15.4  75.2   0.0  3.1 4241.5 3298.2  -N/A- 
 GeoMean   0.0   0.0   0.0  71.5   0.0  2.4 3458.9 2939.1   0.00 
  StdDev   7.3   0.0  15.8  23.0   0.1  1.9 3151.8 1750.0  -N/A- 
-------- ----- ----- ----- ----- ----- ---- ------ ------ ------ 
 Minimum   0.0   0.0   0.0  45.1   0.0  1.0 1566.0  746.0  -N/A- 
 Maximum  20.8   0.3  36.4 100.0   2.5  9.0 27094.0 11500.0  -N/A- 
-------- ----- ----- ----- ----- ----- ---- ------ ------ ------ 
Summary:
System:   0.00 Watts on average with standard deviation 0.00  
