Device is not discharging, cannot measure power usage.
Perhaps re-run with -z (ignore zero power) or -R (RAPL)
Device is not discharging, cannot measure power usage.
Perhaps re-run with -z (ignore zero power) or -R (RAPL)
Try 'powerstat -h' for more information.
Running for 480.0 seconds (960 samples at 0.5 second intervals).
Power measurements will start in 0 seconds time.

  Time    User  Nice   Sys  Idle    IO  Run Ctxt/s  IRQ/s  Watts
14:44:50   4.6   0.0   0.3  94.7   0.5    2   3320   1862   0.00E
14:44:50   2.0   0.0   0.3  97.2   0.5    1   2754   1652   0.00E
14:44:51   1.8   0.0   0.3  97.7   0.3    1   2584   1474   0.00E
14:44:51   2.5   0.0   0.5  96.5   0.5    1   2860   1708   0.00E
14:44:52   1.8   0.0   0.3  97.5   0.5    1   2494   1450   0.00E
14:44:52   2.5   0.0   0.5  96.7   0.3    2   2742   1582   0.00E
14:44:53   2.3   0.0   0.3  97.0   0.5    1   2768   1434   0.00E
14:44:53   1.8   0.0   1.3  96.5   0.5    1   2600   1574   0.00E
14:44:54   2.0   0.0   1.0  96.7   0.3    1   2942   1502   0.00E
14:44:54   1.5   0.0   0.3  97.7   0.5    1   2724   1442   0.00E
14:44:55   2.5   0.0   0.5  96.5   0.5    1   3000   1444   0.00E
14:44:55   1.8   0.0   0.3  97.7   0.3    1   2524   1354   0.00E
14:44:56   1.5   0.0   0.3  97.7   0.5    1   2652   1520   0.00E
14:44:56   1.3   0.0   0.5  98.0   0.3    1   2454   1340   0.00E
14:44:57   2.0   0.0   0.3  97.0   0.8    1   2870   1570   0.00E
14:44:57   1.5   0.0   0.5  97.7   0.3    1   2398   1308   0.00E
14:44:58   2.0   0.0   0.8  96.7   0.5    2   2950   1564   0.00E
14:44:58   2.0   0.0   0.5  97.0   0.5    1   2456   1336   0.00E
14:44:59   2.0   0.0   0.5  97.0   0.5    1   2442   1382   0.00E
14:44:59   1.8   0.0   0.5  97.5   0.3    1   2646   1342   0.00E
-------- ----- ----- ----- ----- ----- ---- ------ ------ ------ 
 Average   2.1   0.0   0.5  97.0   0.4  1.1 2709.0 1492.0  -N/A- 
 GeoMean   2.0   0.0   0.4  97.0   0.4  1.1 2699.8 1485.9   0.00 
  StdDev   0.7   0.0   0.3   0.7   0.1  0.4  227.8  138.1  -N/A- 
-------- ----- ----- ----- ----- ----- ---- ------ ------ ------ 
 Minimum   1.3   0.0   0.3  94.7   0.3  1.0 2398.0 1308.0  -N/A- 
 Maximum   4.6   0.0   1.3  98.0   0.8  2.0 3320.0 1862.0  -N/A- 
-------- ----- ----- ----- ----- ----- ---- ------ ------ ------ 
Summary:
System:   0.00 Watts on average with standard deviation 0.00  
